  DirectionalLight.cpp
D:\Users\Joel\Documents\GitHub\OpenGLUdemy\Projects\OpenGLCourseApp\OpenGLCourseApp\DirectionalLight.cpp(10,23): warning C4244: 'argument': conversion from 'GLuint' to 'GLfloat', possible loss of data
D:\Users\Joel\Documents\GitHub\OpenGLUdemy\Projects\OpenGLCourseApp\OpenGLCourseApp\DirectionalLight.cpp(10,10): warning C4244: 'argument': conversion from 'GLuint' to 'GLfloat', possible loss of data
D:\Users\Joel\Documents\GitHub\OpenGLUdemy\Projects\OpenGLCourseApp\OpenGLCourseApp\DirectionalLight.cpp(29,14): warning C4244: 'argument': conversion from 'GLfloat' to 'GLint', possible loss of data
D:\Users\Joel\Documents\GitHub\OpenGLUdemy\Projects\OpenGLCourseApp\OpenGLCourseApp\DirectionalLight.cpp(30,14): warning C4244: 'argument': conversion from 'GLfloat' to 'GLint', possible loss of data
D:\Users\Joel\Documents\GitHub\OpenGLUdemy\Projects\OpenGLCourseApp\OpenGLCourseApp\DirectionalLight.cpp(32,14): warning C4244: 'argument': conversion from 'GLfloat' to 'GLint', possible loss of data
D:\Users\Joel\Documents\GitHub\OpenGLUdemy\Projects\OpenGLCourseApp\OpenGLCourseApp\DirectionalLight.cpp(33,14): warning C4244: 'argument': conversion from 'GLfloat' to 'GLint', possible loss of data
  main.cpp
D:\Users\Joel\Documents\GitHub\OpenGLUdemy\Projects\OpenGLCourseApp\OpenGLCourseApp\main.cpp(312,24): warning C4244: '=': conversion from 'double' to 'GLfloat', possible loss of data
D:\Users\Joel\Documents\GitHub\OpenGLUdemy\Projects\OpenGLCourseApp\OpenGLCourseApp\main.cpp(317,15): warning C4244: 'initializing': conversion from 'double' to 'GLfloat', possible loss of data
  Shader.cpp
D:\Users\Joel\Documents\GitHub\OpenGLUdemy\Projects\OpenGLCourseApp\OpenGLCourseApp\Shader.cpp(205,75): warning C4244: 'argument': conversion from 'GLuint' to 'GLfloat', possible loss of data
D:\Users\Joel\Documents\GitHub\OpenGLUdemy\Projects\OpenGLCourseApp\OpenGLCourseApp\Shader.cpp(205,26): warning C4244: 'argument': conversion from 'GLuint' to 'GLfloat', possible loss of data
D:\Users\Joel\Documents\GitHub\OpenGLUdemy\Projects\OpenGLCourseApp\OpenGLCourseApp\Shader.cpp(204,91): warning C4244: 'argument': conversion from 'GLuint' to 'GLfloat', possible loss of data
D:\Users\Joel\Documents\GitHub\OpenGLUdemy\Projects\OpenGLCourseApp\OpenGLCourseApp\Shader.cpp(204,42): warning C4244: 'argument': conversion from 'GLuint' to 'GLfloat', possible loss of data
D:\Users\Joel\Documents\GitHub\OpenGLUdemy\Projects\OpenGLCourseApp\OpenGLCourseApp\Shader.cpp(221,98): warning C4244: 'argument': conversion from 'GLuint' to 'GLfloat', possible loss of data
D:\Users\Joel\Documents\GitHub\OpenGLUdemy\Projects\OpenGLCourseApp\OpenGLCourseApp\Shader.cpp(221,62): warning C4244: 'argument': conversion from 'GLuint' to 'GLfloat', possible loss of data
D:\Users\Joel\Documents\GitHub\OpenGLUdemy\Projects\OpenGLCourseApp\OpenGLCourseApp\Shader.cpp(221,24): warning C4244: 'argument': conversion from 'GLuint' to 'GLfloat', possible loss of data
D:\Users\Joel\Documents\GitHub\OpenGLUdemy\Projects\OpenGLCourseApp\OpenGLCourseApp\Shader.cpp(220,24): warning C4244: 'argument': conversion from 'GLuint' to 'GLfloat', possible loss of data
D:\Users\Joel\Documents\GitHub\OpenGLUdemy\Projects\OpenGLCourseApp\OpenGLCourseApp\Shader.cpp(219,124): warning C4244: 'argument': conversion from 'GLuint' to 'GLfloat', possible loss of data
D:\Users\Joel\Documents\GitHub\OpenGLUdemy\Projects\OpenGLCourseApp\OpenGLCourseApp\Shader.cpp(219,88): warning C4244: 'argument': conversion from 'GLuint' to 'GLfloat', possible loss of data
D:\Users\Joel\Documents\GitHub\OpenGLUdemy\Projects\OpenGLCourseApp\OpenGLCourseApp\Shader.cpp(219,42): warning C4244: 'argument': conversion from 'GLuint' to 'GLfloat', possible loss of data
  Generating Code...
LINK : warning LNK4098: defaultlib 'MSVCRT' conflicts with use of other libs; use /NODEFAULTLIB:library
  OpenGLCourseApp.vcxproj -> D:\Users\Joel\Documents\GitHub\OpenGLUdemy\Projects\OpenGLCourseApp\Debug\OpenGLCourseApp.exe
